<?xml version="1.0" encoding="UTF-8"?>
<testsuite xmlns:xsi="http://www.w3.org/2001/XMLSchema-instance" xsi:schemaLocation="https://maven.apache.org/surefire/maven-surefire-plugin/xsd/surefire-test-report.xsd" name="ashulzhenko.evaluator.action.EvaluatorTest" time="0.591" tests="12" errors="0" skipped="0" failures="0">
  <properties>
[...]
</properties>
  <testcase name="TestConvert[0 plan[[Ljava.lang.String;@2c13da15]=[Ljava.lang.String;@77556fd]]" classname="ashulzhenko.evaluator.action.EvaluatorTest" time="0.009"/>
  <testcase name="TestEvaluate[0 plan[[Ljava.lang.String;@2c13da15]=[Ljava.lang.String;@77556fd]]" classname="ashulzhenko.evaluator.action.EvaluatorTest" time="0"/>
  <testcase name="TestConvert[1 plan[[Ljava.lang.String;@3b192d32]=[Ljava.lang.String;@16f65612]]" classname="ashulzhenko.evaluator.action.EvaluatorTest" time="0"/>
  <testcase name="TestEvaluate[1 plan[[Ljava.lang.String;@3b192d32]=[Ljava.lang.String;@16f65612]]" classname="ashulzhenko.evaluator.action.EvaluatorTest" time="0.002"/>
  <testcase name="TestConvert[2 plan[[Ljava.lang.String;@311d617d]=[Ljava.lang.String;@7c53a9eb]]" classname="ashulzhenko.evaluator.action.EvaluatorTest" time="0"/>
  <testcase name="TestEvaluate[2 plan[[Ljava.lang.String;@311d617d]=[Ljava.lang.String;@7c53a9eb]]" classname="ashulzhenko.evaluator.action.EvaluatorTest" time="0.001"/>
  <testcase name="TestConvert[3 plan[[Ljava.lang.String;@ed17bee]=[Ljava.lang.String;@2a33fae0]]" classname="ashulzhenko.evaluator.action.EvaluatorTest" time="0.001"/>
  <testcase name="TestEvaluate[3 plan[[Ljava.lang.String;@ed17bee]=[Ljava.lang.String;@2a33fae0]]" classname="ashulzhenko.evaluator.action.EvaluatorTest" time="0"/>
  <testcase name="TestConvert[4 plan[[Ljava.lang.String;@707f7052]=[Ljava.lang.String;@11028347]]" classname="ashulzhenko.evaluator.action.EvaluatorTest" time="0"/>
  <testcase name="TestEvaluate[4 plan[[Ljava.lang.String;@707f7052]=[Ljava.lang.String;@11028347]]" classname="ashulzhenko.evaluator.action.EvaluatorTest" time="0.001"/>
  <testcase name="TestConvert[5 plan[[Ljava.lang.String;@14899482]=[Ljava.lang.String;@21588809]]" classname="ashulzhenko.evaluator.action.EvaluatorTest" time="0.001"/>
  <testcase name="TestEvaluate[5 plan[[Ljava.lang.String;@14899482]=[Ljava.lang.String;@21588809]]" classname="ashulzhenko.evaluator.action.EvaluatorTest" time="0.001"/>
</testsuite>